This file contains any messages produced by compilers while
running configure, to aid debugging if configure makes a mistake.

It was created by gray configure 0.1.0, which was
generated by GNU Autoconf 2.69.  Invocation command line was

  $ ./configure 

## --------- ##
## Platform. ##
## --------- ##

hostname = phw1
uname -m = x86_64
uname -r = 3.8.0-35-generic
uname -s = Linux
uname -v = #50-Ubuntu SMP Tue Dec 3 01:24:59 UTC 2013

/usr/bin/uname -p = unknown
/bin/uname -X     = unknown

/bin/arch              = unknown
/usr/bin/arch -k       = unknown
/usr/convex/getsysinfo = unknown
/usr/bin/hostinfo      = unknown
/bin/machine           = unknown
/usr/bin/oslevel       = unknown
/bin/universe          = unknown

PATH: /home/patrick/bin
PATH: /usr/local/sbin
PATH: /usr/local/bin
PATH: /usr/sbin
PATH: /usr/bin
PATH: /sbin
PATH: /bin
PATH: /usr/games
PATH: /usr/local/games
PATH: /usr/brlcad/bin
PATH: /home/patrick/bin
PATH: /usr/brlcad/bin


## ----------- ##
## Core tests. ##
## ----------- ##

configure:2314: checking for a BSD-compatible install
configure:2382: result: /usr/bin/install -c
configure:2393: checking whether build environment is sane
configure:2443: result: yes
configure:2584: checking for a thread-safe mkdir -p
configure:2623: result: /bin/mkdir -p
configure:2636: checking for gawk
configure:2652: found /usr/bin/gawk
configure:2663: result: gawk
configure:2674: checking whether make sets $(MAKE)
configure:2696: result: yes
configure:2805: checking build system type
configure:2819: result: x86_64-unknown-linux-gnu
configure:2839: checking host system type
configure:2852: result: x86_64-unknown-linux-gnu
configure:2893: checking how to print strings
configure:2920: result: printf
configure:2953: checking for style of include used by make
configure:2981: result: GNU
configure:3052: checking for gcc
configure:3068: found /usr/bin/gcc
configure:3079: result: gcc
configure:3308: checking for C compiler version
configure:3317: gcc --version >&5
gcc (Ubuntu/Linaro 4.7.3-1ubuntu1) 4.7.3
Copyright (C) 2012 Free Software Foundation, Inc.
This is free software; see the source for copying conditions.  There is NO
warranty; not even for MERCHANTABILITY or FITNESS FOR A PARTICULAR PURPOSE.

configure:3328: $? = 0
configure:3317: gcc -v >&5
Using built-in specs.
COLLECT_GCC=gcc
COLLECT_LTO_WRAPPER=/usr/lib/gcc/x86_64-linux-gnu/4.7/lto-wrapper
Target: x86_64-linux-gnu
Configured with: ../src/configure -v --with-pkgversion='Ubuntu/Linaro 4.7.3-1ubuntu1' --with-bugurl=file:///usr/share/doc/gcc-4.7/README.Bugs --enable-languages=c,c++,go,fortran,objc,obj-c++ --prefix=/usr --program-suffix=-4.7 --enable-shared --enable-linker-build-id --libexecdir=/usr/lib --without-included-gettext --enable-threads=posix --with-gxx-include-dir=/usr/include/c++/4.7 --libdir=/usr/lib --enable-nls --with-sysroot=/ --enable-clocale=gnu --enable-libstdcxx-debug --enable-libstdcxx-time=yes --enable-gnu-unique-object --enable-plugin --with-system-zlib --enable-objc-gc --with-cloog --enable-cloog-backend=ppl --disable-cloog-version-check --disable-ppl-version-check --enable-multiarch --disable-werror --with-arch-32=i686 --with-abi=m64 --with-multilib-list=m32,m64,mx32 --with-tune=generic --enable-checking=release --build=x86_64-linux-gnu --host=x86_64-linux-gnu --target=x86_64-linux-gnu
Thread model: posix
gcc version 4.7.3 (Ubuntu/Linaro 4.7.3-1ubuntu1) 
configure:3328: $? = 0
configure:3317: gcc -V >&5
gcc: error: unrecognized command line option '-V'
gcc: fatal error: no input files
compilation terminated.
configure:3328: $? = 4
configure:3317: gcc -qversion >&5
gcc: error: unrecognized command line option '-qversion'
gcc: fatal error: no input files
compilation terminated.
configure:3328: $? = 4
configure:3348: checking whether the C compiler works
configure:3370: gcc    conftest.c  >&5
configure:3374: $? = 0
configure:3422: result: yes
configure:3425: checking for C compiler default output file name
configure:3427: result: a.out
configure:3433: checking for suffix of executables
configure:3440: gcc -o conftest    conftest.c  >&5
configure:3444: $? = 0
configure:3466: result: 
configure:3488: checking whether we are cross compiling
configure:3496: gcc -o conftest    conftest.c  >&5
configure:3500: $? = 0
configure:3507: ./conftest
configure:3511: $? = 0
configure:3526: result: no
configure:3531: checking for suffix of object files
configure:3553: gcc -c   conftest.c >&5
configure:3557: $? = 0
configure:3578: result: o
configure:3582: checking whether we are using the GNU C compiler
configure:3601: gcc -c   conftest.c >&5
configure:3601: $? = 0
configure:3610: result: yes
configure:3619: checking whether gcc accepts -g
configure:3639: gcc -c -g  conftest.c >&5
configure:3639: $? = 0
configure:3680: result: yes
configure:3697: checking for gcc option to accept ISO C89
configure:3760: gcc  -c -g -O2  conftest.c >&5
configure:3760: $? = 0
configure:3773: result: none needed
configure:3795: checking dependency style of gcc
configure:3906: result: gcc3
configure:3921: checking for a sed that does not truncate output
configure:3985: result: /bin/sed
configure:4003: checking for grep that handles long lines and -e
configure:4061: result: /bin/grep
configure:4066: checking for egrep
configure:4128: result: /bin/grep -E
configure:4133: checking for fgrep
configure:4195: result: /bin/grep -F
configure:4230: checking for ld used by gcc
configure:4297: result: /usr/bin/ld
configure:4304: checking if the linker (/usr/bin/ld) is GNU ld
configure:4319: result: yes
configure:4331: checking for BSD- or MS-compatible name lister (nm)
configure:4380: result: /usr/bin/nm -B
configure:4510: checking the name lister (/usr/bin/nm -B) interface
configure:4517: gcc -c -g -O2  conftest.c >&5
configure:4520: /usr/bin/nm -B "conftest.o"
configure:4523: output
0000000000000000 B some_variable
configure:4530: result: BSD nm
configure:4533: checking whether ln -s works
configure:4537: result: yes
configure:4545: checking the maximum length of command line arguments
configure:4676: result: 1572864
configure:4693: checking whether the shell understands some XSI constructs
configure:4703: result: yes
configure:4707: checking whether the shell understands "+="
configure:4713: result: yes
configure:4748: checking how to convert x86_64-unknown-linux-gnu file names to x86_64-unknown-linux-gnu format
configure:4788: result: func_convert_file_noop
configure:4795: checking how to convert x86_64-unknown-linux-gnu file names to toolchain format
configure:4815: result: func_convert_file_noop
configure:4822: checking for /usr/bin/ld option to reload object files
configure:4829: result: -r
configure:4903: checking for objdump
configure:4919: found /usr/bin/objdump
configure:4930: result: objdump
configure:4962: checking how to recognize dependent libraries
configure:5160: result: pass_all
configure:5245: checking for dlltool
configure:5275: result: no
configure:5305: checking how to associate runtime and link libraries
configure:5332: result: printf %s\n
configure:5393: checking for ar
configure:5409: found /usr/bin/ar
configure:5420: result: ar
configure:5457: checking for archiver @FILE support
configure:5474: gcc -c -g -O2  conftest.c >&5
configure:5474: $? = 0
configure:5477: ar cru libconftest.a @conftest.lst >&5
configure:5480: $? = 0
configure:5485: ar cru libconftest.a @conftest.lst >&5
ar: conftest.o: No such file or directory
configure:5488: $? = 1
configure:5500: result: @
configure:5558: checking for strip
configure:5574: found /usr/bin/strip
configure:5585: result: strip
configure:5657: checking for ranlib
configure:5673: found /usr/bin/ranlib
configure:5684: result: ranlib
configure:5786: checking command to parse /usr/bin/nm -B output from gcc object
configure:5906: gcc -c -g -O2  conftest.c >&5
configure:5909: $? = 0
configure:5913: /usr/bin/nm -B conftest.o \| sed -n -e 's/^.*[ ]\([ABCDGIRSTW][ABCDGIRSTW]*\)[ ][ ]*\([_A-Za-z][_A-Za-z0-9]*\)$/\1 \2 \2/p' | sed '/ __gnu_lto/d' \> conftest.nm
configure:5916: $? = 0
configure:5982: gcc -o conftest -g -O2   conftest.c conftstm.o >&5
configure:5985: $? = 0
configure:6023: result: ok
configure:6060: checking for sysroot
configure:6090: result: no
configure:6167: gcc -c -g -O2  conftest.c >&5
configure:6170: $? = 0
configure:6353: checking for mt
configure:6369: found /bin/mt
configure:6380: result: mt
configure:6403: checking if mt is a manifest tool
configure:6409: mt '-?'
configure:6417: result: no
configure:7059: checking how to run the C preprocessor
configure:7090: gcc -E  conftest.c
configure:7090: $? = 0
configure:7104: gcc -E  conftest.c
conftest.c:11:28: fatal error: ac_nonexistent.h: No such file or directory
compilation terminated.
configure:7104: $? = 1
configure: failed program was:
| /* confdefs.h */
| #define PACKAGE_NAME "gray"
| #define PACKAGE_TARNAME "gray"
| #define PACKAGE_VERSION "0.1.0"
| #define PACKAGE_STRING "gray 0.1.0"
| #define PACKAGE_BUGREPORT "pth@patrickhead.net"
| #define PACKAGE_URL ""
| #define PACKAGE "gray"
| #define VERSION "0.1.0"
| /* end confdefs.h.  */
| #include <ac_nonexistent.h>
configure:7129: result: gcc -E
configure:7149: gcc -E  conftest.c
configure:7149: $? = 0
configure:7163: gcc -E  conftest.c
conftest.c:11:28: fatal error: ac_nonexistent.h: No such file or directory
compilation terminated.
configure:7163: $? = 1
configure: failed program was:
| /* confdefs.h */
| #define PACKAGE_NAME "gray"
| #define PACKAGE_TARNAME "gray"
| #define PACKAGE_VERSION "0.1.0"
| #define PACKAGE_STRING "gray 0.1.0"
| #define PACKAGE_BUGREPORT "pth@patrickhead.net"
| #define PACKAGE_URL ""
| #define PACKAGE "gray"
| #define VERSION "0.1.0"
| /* end confdefs.h.  */
| #include <ac_nonexistent.h>
configure:7192: checking for ANSI C header files
configure:7212: gcc -c -g -O2  conftest.c >&5
configure:7212: $? = 0
configure:7285: gcc -o conftest -g -O2   conftest.c  >&5
configure:7285: $? = 0
configure:7285: ./conftest
configure:7285: $? = 0
configure:7296: result: yes
configure:7309: checking for sys/types.h
configure:7309: gcc -c -g -O2  conftest.c >&5
configure:7309: $? = 0
configure:7309: result: yes
configure:7309: checking for sys/stat.h
configure:7309: gcc -c -g -O2  conftest.c >&5
configure:7309: $? = 0
configure:7309: result: yes
configure:7309: checking for stdlib.h
configure:7309: gcc -c -g -O2  conftest.c >&5
configure:7309: $? = 0
configure:7309: result: yes
configure:7309: checking for string.h
configure:7309: gcc -c -g -O2  conftest.c >&5
configure:7309: $? = 0
configure:7309: result: yes
configure:7309: checking for memory.h
configure:7309: gcc -c -g -O2  conftest.c >&5
configure:7309: $? = 0
configure:7309: result: yes
configure:7309: checking for strings.h
configure:7309: gcc -c -g -O2  conftest.c >&5
configure:7309: $? = 0
configure:7309: result: yes
configure:7309: checking for inttypes.h
configure:7309: gcc -c -g -O2  conftest.c >&5
configure:7309: $? = 0
configure:7309: result: yes
configure:7309: checking for stdint.h
configure:7309: gcc -c -g -O2  conftest.c >&5
configure:7309: $? = 0
configure:7309: result: yes
configure:7309: checking for unistd.h
configure:7309: gcc -c -g -O2  conftest.c >&5
configure:7309: $? = 0
configure:7309: result: yes
configure:7323: checking for dlfcn.h
configure:7323: gcc -c -g -O2  conftest.c >&5
configure:7323: $? = 0
configure:7323: result: yes
configure:7529: checking for objdir
configure:7544: result: .libs
configure:7815: checking if gcc supports -fno-rtti -fno-exceptions
configure:7833: gcc -c -g -O2  -fno-rtti -fno-exceptions conftest.c >&5
cc1: warning: command line option '-fno-rtti' is valid for C++/ObjC++ but not for C [enabled by default]
configure:7837: $? = 0
configure:7850: result: no
configure:8177: checking for gcc option to produce PIC
configure:8184: result: -fPIC -DPIC
configure:8192: checking if gcc PIC flag -fPIC -DPIC works
configure:8210: gcc -c -g -O2  -fPIC -DPIC -DPIC conftest.c >&5
configure:8214: $? = 0
configure:8227: result: yes
configure:8256: checking if gcc static flag -static works
configure:8284: result: yes
configure:8299: checking if gcc supports -c -o file.o
configure:8320: gcc -c -g -O2  -o out/conftest2.o conftest.c >&5
configure:8324: $? = 0
configure:8346: result: yes
configure:8354: checking if gcc supports -c -o file.o
configure:8401: result: yes
configure:8434: checking whether the gcc linker (/usr/bin/ld -m elf_x86_64) supports shared libraries
configure:9591: result: yes
configure:9628: checking whether -lc should be explicitly linked in
configure:9636: gcc -c -g -O2  conftest.c >&5
configure:9639: $? = 0
configure:9654: gcc -shared  -fPIC -DPIC conftest.o  -v -Wl,-soname -Wl,conftest -o conftest 2\>\&1 \| /bin/grep  -lc  \>/dev/null 2\>\&1
configure:9657: $? = 0
configure:9671: result: no
configure:9831: checking dynamic linker characteristics
configure:10331: gcc -o conftest -g -O2   -Wl,-rpath -Wl,/foo conftest.c  >&5
configure:10331: $? = 0
configure:10565: result: GNU/Linux ld.so
configure:10672: checking how to hardcode library paths into programs
configure:10697: result: immediate
configure:11237: checking whether stripping libraries is possible
configure:11242: result: yes
configure:11277: checking if libtool supports shared libraries
configure:11279: result: yes
configure:11282: checking whether to build shared libraries
configure:11303: result: yes
configure:11306: checking whether to build static libraries
configure:11310: result: yes
configure:11397: checking for gcc
configure:11424: result: gcc
configure:11653: checking for C compiler version
configure:11662: gcc --version >&5
gcc (Ubuntu/Linaro 4.7.3-1ubuntu1) 4.7.3
Copyright (C) 2012 Free Software Foundation, Inc.
This is free software; see the source for copying conditions.  There is NO
warranty; not even for MERCHANTABILITY or FITNESS FOR A PARTICULAR PURPOSE.

configure:11673: $? = 0
configure:11662: gcc -v >&5
Using built-in specs.
COLLECT_GCC=gcc
COLLECT_LTO_WRAPPER=/usr/lib/gcc/x86_64-linux-gnu/4.7/lto-wrapper
Target: x86_64-linux-gnu
Configured with: ../src/configure -v --with-pkgversion='Ubuntu/Linaro 4.7.3-1ubuntu1' --with-bugurl=file:///usr/share/doc/gcc-4.7/README.Bugs --enable-languages=c,c++,go,fortran,objc,obj-c++ --prefix=/usr --program-suffix=-4.7 --enable-shared --enable-linker-build-id --libexecdir=/usr/lib --without-included-gettext --enable-threads=posix --with-gxx-include-dir=/usr/include/c++/4.7 --libdir=/usr/lib --enable-nls --with-sysroot=/ --enable-clocale=gnu --enable-libstdcxx-debug --enable-libstdcxx-time=yes --enable-gnu-unique-object --enable-plugin --with-system-zlib --enable-objc-gc --with-cloog --enable-cloog-backend=ppl --disable-cloog-version-check --disable-ppl-version-check --enable-multiarch --disable-werror --with-arch-32=i686 --with-abi=m64 --with-multilib-list=m32,m64,mx32 --with-tune=generic --enable-checking=release --build=x86_64-linux-gnu --host=x86_64-linux-gnu --target=x86_64-linux-gnu
Thread model: posix
gcc version 4.7.3 (Ubuntu/Linaro 4.7.3-1ubuntu1) 
configure:11673: $? = 0
configure:11662: gcc -V >&5
gcc: error: unrecognized command line option '-V'
gcc: fatal error: no input files
compilation terminated.
configure:11673: $? = 4
configure:11662: gcc -qversion >&5
gcc: error: unrecognized command line option '-qversion'
gcc: fatal error: no input files
compilation terminated.
configure:11673: $? = 4
configure:11677: checking whether we are using the GNU C compiler
configure:11705: result: yes
configure:11714: checking whether gcc accepts -g
configure:11775: result: yes
configure:11792: checking for gcc option to accept ISO C89
configure:11868: result: none needed
configure:11890: checking dependency style of gcc
configure:12001: result: gcc3
configure:12017: checking whether gcc and cc understand -c and -o together
configure:12048: gcc -c conftest.c -o conftest2.o >&5
configure:12052: $? = 0
configure:12058: gcc -c conftest.c -o conftest2.o >&5
configure:12062: $? = 0
configure:12073: cc -c conftest.c >&5
configure:12077: $? = 0
configure:12085: cc -c conftest.c -o conftest2.o >&5
configure:12089: $? = 0
configure:12095: cc -c conftest.c -o conftest2.o >&5
configure:12099: $? = 0
configure:12117: result: yes
configure:12149: checking ctype.h usability
configure:12149: gcc -c -g -O2  conftest.c >&5
configure:12149: $? = 0
configure:12149: result: yes
configure:12149: checking ctype.h presence
configure:12149: gcc -E  conftest.c
configure:12149: $? = 0
configure:12149: result: yes
configure:12149: checking for ctype.h
configure:12149: result: yes
configure:12149: checking errno.h usability
configure:12149: gcc -c -g -O2  conftest.c >&5
configure:12149: $? = 0
configure:12149: result: yes
configure:12149: checking errno.h presence
configure:12149: gcc -E  conftest.c
configure:12149: $? = 0
configure:12149: result: yes
configure:12149: checking for errno.h
configure:12149: result: yes
configure:12149: checking getopt.h usability
configure:12149: gcc -c -g -O2  conftest.c >&5
configure:12149: $? = 0
configure:12149: result: yes
configure:12149: checking getopt.h presence
configure:12149: gcc -E  conftest.c
configure:12149: $? = 0
configure:12149: result: yes
configure:12149: checking for getopt.h
configure:12149: result: yes
configure:12149: checking libgen.h usability
configure:12149: gcc -c -g -O2  conftest.c >&5
configure:12149: $? = 0
configure:12149: result: yes
configure:12149: checking libgen.h presence
configure:12149: gcc -E  conftest.c
configure:12149: $? = 0
configure:12149: result: yes
configure:12149: checking for libgen.h
configure:12149: result: yes
configure:12149: checking stdio.h usability
configure:12149: gcc -c -g -O2  conftest.c >&5
configure:12149: $? = 0
configure:12149: result: yes
configure:12149: checking stdio.h presence
configure:12149: gcc -E  conftest.c
configure:12149: $? = 0
configure:12149: result: yes
configure:12149: checking for stdio.h
configure:12149: result: yes
configure:12149: checking for stdlib.h
configure:12149: result: yes
configure:12149: checking for string.h
configure:12149: result: yes
configure:12149: checking for sys/stat.h
configure:12149: result: yes
configure:12149: checking for sys/types.h
configure:12149: result: yes
configure:12149: checking time.h usability
configure:12149: gcc -c -g -O2  conftest.c >&5
configure:12149: $? = 0
configure:12149: result: yes
configure:12149: checking time.h presence
configure:12149: gcc -E  conftest.c
configure:12149: $? = 0
configure:12149: result: yes
configure:12149: checking for time.h
configure:12149: result: yes
configure:12149: checking for unistd.h
configure:12149: result: yes
configure:12161: checking for stdbool.h that conforms to C99
configure:12228: gcc -c -g -O2  conftest.c >&5
configure:12228: $? = 0
configure:12235: result: yes
configure:12237: checking for _Bool
configure:12237: gcc -c -g -O2  conftest.c >&5
configure:12237: $? = 0
configure:12237: gcc -c -g -O2  conftest.c >&5
conftest.c: In function 'main':
conftest.c:70:20: error: expected expression before ')' token
configure:12237: $? = 1
configure: failed program was:
| /* confdefs.h */
| #define PACKAGE_NAME "gray"
| #define PACKAGE_TARNAME "gray"
| #define PACKAGE_VERSION "0.1.0"
| #define PACKAGE_STRING "gray 0.1.0"
| #define PACKAGE_BUGREPORT "pth@patrickhead.net"
| #define PACKAGE_URL ""
| #define PACKAGE "gray"
| #define VERSION "0.1.0"
| #define STDC_HEADERS 1
| #define HAVE_SYS_TYPES_H 1
| #define HAVE_SYS_STAT_H 1
| #define HAVE_STDLIB_H 1
| #define HAVE_STRING_H 1
| #define HAVE_MEMORY_H 1
| #define HAVE_STRINGS_H 1
| #define HAVE_INTTYPES_H 1
| #define HAVE_STDINT_H 1
| #define HAVE_UNISTD_H 1
| #define HAVE_DLFCN_H 1
| #define LT_OBJDIR ".libs/"
| #define HAVE_CTYPE_H 1
| #define HAVE_ERRNO_H 1
| #define HAVE_GETOPT_H 1
| #define HAVE_LIBGEN_H 1
| #define HAVE_STDIO_H 1
| #define HAVE_STDLIB_H 1
| #define HAVE_STRING_H 1
| #define HAVE_SYS_STAT_H 1
| #define HAVE_SYS_TYPES_H 1
| #define HAVE_TIME_H 1
| #define HAVE_UNISTD_H 1
| /* end confdefs.h.  */
| #include <stdio.h>
| #ifdef HAVE_SYS_TYPES_H
| # include <sys/types.h>
| #endif
| #ifdef HAVE_SYS_STAT_H
| # include <sys/stat.h>
| #endif
| #ifdef STDC_HEADERS
| # include <stdlib.h>
| # include <stddef.h>
| #else
| # ifdef HAVE_STDLIB_H
| #  include <stdlib.h>
| # endif
| #endif
| #ifdef HAVE_STRING_H
| # if !defined STDC_HEADERS && defined HAVE_MEMORY_H
| #  include <memory.h>
| # endif
| # include <string.h>
| #endif
| #ifdef HAVE_STRINGS_H
| # include <strings.h>
| #endif
| #ifdef HAVE_INTTYPES_H
| # include <inttypes.h>
| #endif
| #ifdef HAVE_STDINT_H
| # include <stdint.h>
| #endif
| #ifdef HAVE_UNISTD_H
| # include <unistd.h>
| #endif
| int
| main ()
| {
| if (sizeof ((_Bool)))
| 	    return 0;
|   ;
|   return 0;
| }
configure:12237: result: yes
configure:12248: checking for mode_t
configure:12248: gcc -c -g -O2  conftest.c >&5
configure:12248: $? = 0
configure:12248: gcc -c -g -O2  conftest.c >&5
conftest.c: In function 'main':
conftest.c:71:21: error: expected expression before ')' token
configure:12248: $? = 1
configure: failed program was:
| /* confdefs.h */
| #define PACKAGE_NAME "gray"
| #define PACKAGE_TARNAME "gray"
| #define PACKAGE_VERSION "0.1.0"
| #define PACKAGE_STRING "gray 0.1.0"
| #define PACKAGE_BUGREPORT "pth@patrickhead.net"
| #define PACKAGE_URL ""
| #define PACKAGE "gray"
| #define VERSION "0.1.0"
| #define STDC_HEADERS 1
| #define HAVE_SYS_TYPES_H 1
| #define HAVE_SYS_STAT_H 1
| #define HAVE_STDLIB_H 1
| #define HAVE_STRING_H 1
| #define HAVE_MEMORY_H 1
| #define HAVE_STRINGS_H 1
| #define HAVE_INTTYPES_H 1
| #define HAVE_STDINT_H 1
| #define HAVE_UNISTD_H 1
| #define HAVE_DLFCN_H 1
| #define LT_OBJDIR ".libs/"
| #define HAVE_CTYPE_H 1
| #define HAVE_ERRNO_H 1
| #define HAVE_GETOPT_H 1
| #define HAVE_LIBGEN_H 1
| #define HAVE_STDIO_H 1
| #define HAVE_STDLIB_H 1
| #define HAVE_STRING_H 1
| #define HAVE_SYS_STAT_H 1
| #define HAVE_SYS_TYPES_H 1
| #define HAVE_TIME_H 1
| #define HAVE_UNISTD_H 1
| #define HAVE__BOOL 1
| /* end confdefs.h.  */
| #include <stdio.h>
| #ifdef HAVE_SYS_TYPES_H
| # include <sys/types.h>
| #endif
| #ifdef HAVE_SYS_STAT_H
| # include <sys/stat.h>
| #endif
| #ifdef STDC_HEADERS
| # include <stdlib.h>
| # include <stddef.h>
| #else
| # ifdef HAVE_STDLIB_H
| #  include <stdlib.h>
| # endif
| #endif
| #ifdef HAVE_STRING_H
| # if !defined STDC_HEADERS && defined HAVE_MEMORY_H
| #  include <memory.h>
| # endif
| # include <string.h>
| #endif
| #ifdef HAVE_STRINGS_H
| # include <strings.h>
| #endif
| #ifdef HAVE_INTTYPES_H
| # include <inttypes.h>
| #endif
| #ifdef HAVE_STDINT_H
| # include <stdint.h>
| #endif
| #ifdef HAVE_UNISTD_H
| # include <unistd.h>
| #endif
| int
| main ()
| {
| if (sizeof ((mode_t)))
| 	    return 0;
|   ;
|   return 0;
| }
configure:12248: result: yes
configure:12263: checking for stdlib.h
configure:12263: result: yes
configure:12273: checking for GNU libc compatible malloc
configure:12297: gcc -o conftest -g -O2   conftest.c  >&5
configure:12297: $? = 0
configure:12297: ./conftest
configure:12297: $? = 0
configure:12307: result: yes
configure:12330: checking for stdlib.h
configure:12330: result: yes
configure:12340: checking for GNU libc compatible realloc
configure:12364: gcc -o conftest -g -O2   conftest.c  >&5
configure:12364: $? = 0
configure:12364: ./conftest
configure:12364: $? = 0
configure:12374: result: yes
configure:12398: checking for memset
configure:12398: gcc -o conftest -g -O2   conftest.c  >&5
conftest.c:62:6: warning: conflicting types for built-in function 'memset' [enabled by default]
configure:12398: $? = 0
configure:12398: result: yes
configure:12398: checking for mkdir
configure:12398: gcc -o conftest -g -O2   conftest.c  >&5
configure:12398: $? = 0
configure:12398: result: yes
configure:12398: checking for strchr
configure:12398: gcc -o conftest -g -O2   conftest.c  >&5
conftest.c:64:6: warning: conflicting types for built-in function 'strchr' [enabled by default]
configure:12398: $? = 0
configure:12398: result: yes
configure:12398: checking for strdup
configure:12398: gcc -o conftest -g -O2   conftest.c  >&5
conftest.c:65:6: warning: conflicting types for built-in function 'strdup' [enabled by default]
configure:12398: $? = 0
configure:12398: result: yes
configure:12398: checking for strtol
configure:12398: gcc -o conftest -g -O2   conftest.c  >&5
configure:12398: $? = 0
configure:12398: result: yes
configure:12463: checking for pkg-config
configure:12481: found /usr/bin/pkg-config
configure:12493: result: /usr/bin/pkg-config
configure:12518: checking pkg-config is at least version 0.9.0
configure:12521: result: yes
configure:12531: checking for XML
configure:12538: $PKG_CONFIG --exists --print-errors "libxml-2.0 >= 2.9"
configure:12541: $? = 0
configure:12555: $PKG_CONFIG --exists --print-errors "libxml-2.0 >= 2.9"
configure:12558: $? = 0
configure:12616: result: yes
configure:12758: creating ./config.status

## ---------------------- ##
## Running config.status. ##
## ---------------------- ##

This file was extended by gray config.status 0.1.0, which was
generated by GNU Autoconf 2.69.  Invocation command line was

  CONFIG_FILES    = 
  CONFIG_HEADERS  = 
  CONFIG_LINKS    = 
  CONFIG_COMMANDS = 
  $ ./config.status 

on phw1

config.status:1106: creating Makefile
config.status:1106: creating tools/Makefile
config.status:1106: creating include/Makefile
config.status:1106: creating src/Makefile
config.status:1106: creating tests/Makefile
config.status:1106: creating config.h
config.status:1335: executing depfiles commands
config.status:1335: executing libtool commands

## ---------------- ##
## Cache variables. ##
## ---------------- ##

ac_cv_build=x86_64-unknown-linux-gnu
ac_cv_c_compiler_gnu=yes
ac_cv_env_CC_set=
ac_cv_env_CC_value=
ac_cv_env_CFLAGS_set=
ac_cv_env_CFLAGS_value=
ac_cv_env_CPPFLAGS_set=
ac_cv_env_CPPFLAGS_value=
ac_cv_env_CPP_set=
ac_cv_env_CPP_value=
ac_cv_env_LDFLAGS_set=
ac_cv_env_LDFLAGS_value=
ac_cv_env_LIBS_set=
ac_cv_env_LIBS_value=
ac_cv_env_PKG_CONFIG_LIBDIR_set=
ac_cv_env_PKG_CONFIG_LIBDIR_value=
ac_cv_env_PKG_CONFIG_PATH_set=
ac_cv_env_PKG_CONFIG_PATH_value=
ac_cv_env_PKG_CONFIG_set=
ac_cv_env_PKG_CONFIG_value=
ac_cv_env_XML_CFLAGS_set=
ac_cv_env_XML_CFLAGS_value=
ac_cv_env_XML_LIBS_set=
ac_cv_env_XML_LIBS_value=
ac_cv_env_build_alias_set=
ac_cv_env_build_alias_value=
ac_cv_env_host_alias_set=
ac_cv_env_host_alias_value=
ac_cv_env_target_alias_set=
ac_cv_env_target_alias_value=
ac_cv_func_malloc_0_nonnull=yes
ac_cv_func_memset=yes
ac_cv_func_mkdir=yes
ac_cv_func_realloc_0_nonnull=yes
ac_cv_func_strchr=yes
ac_cv_func_strdup=yes
ac_cv_func_strtol=yes
ac_cv_header_ctype_h=yes
ac_cv_header_dlfcn_h=yes
ac_cv_header_errno_h=yes
ac_cv_header_getopt_h=yes
ac_cv_header_inttypes_h=yes
ac_cv_header_libgen_h=yes
ac_cv_header_memory_h=yes
ac_cv_header_stdbool_h=yes
ac_cv_header_stdc=yes
ac_cv_header_stdint_h=yes
ac_cv_header_stdio_h=yes
ac_cv_header_stdlib_h=yes
ac_cv_header_string_h=yes
ac_cv_header_strings_h=yes
ac_cv_header_sys_stat_h=yes
ac_cv_header_sys_types_h=yes
ac_cv_header_time_h=yes
ac_cv_header_unistd_h=yes
ac_cv_host=x86_64-unknown-linux-gnu
ac_cv_objext=o
ac_cv_path_EGREP='/bin/grep -E'
ac_cv_path_FGREP='/bin/grep -F'
ac_cv_path_GREP=/bin/grep
ac_cv_path_SED=/bin/sed
ac_cv_path_ac_pt_PKG_CONFIG=/usr/bin/pkg-config
ac_cv_path_install='/usr/bin/install -c'
ac_cv_path_mkdir=/bin/mkdir
ac_cv_prog_AWK=gawk
ac_cv_prog_CPP='gcc -E'
ac_cv_prog_ac_ct_AR=ar
ac_cv_prog_ac_ct_CC=gcc
ac_cv_prog_ac_ct_MANIFEST_TOOL=mt
ac_cv_prog_ac_ct_OBJDUMP=objdump
ac_cv_prog_ac_ct_RANLIB=ranlib
ac_cv_prog_ac_ct_STRIP=strip
ac_cv_prog_cc_c89=
ac_cv_prog_cc_g=yes
ac_cv_prog_cc_gcc_c_o=yes
ac_cv_prog_make_make_set=yes
ac_cv_type__Bool=yes
ac_cv_type_mode_t=yes
am_cv_CC_dependencies_compiler_type=gcc3
lt_cv_ar_at_file=@
lt_cv_archive_cmds_need_lc=no
lt_cv_deplibs_check_method=pass_all
lt_cv_file_magic_cmd='$MAGIC_CMD'
lt_cv_file_magic_test_file=
lt_cv_ld_reload_flag=-r
lt_cv_nm_interface='BSD nm'
lt_cv_objdir=.libs
lt_cv_path_LD=/usr/bin/ld
lt_cv_path_NM='/usr/bin/nm -B'
lt_cv_path_mainfest_tool=no
lt_cv_prog_compiler_c_o=yes
lt_cv_prog_compiler_pic='-fPIC -DPIC'
lt_cv_prog_compiler_pic_works=yes
lt_cv_prog_compiler_rtti_exceptions=no
lt_cv_prog_compiler_static_works=yes
lt_cv_prog_gnu_ld=yes
lt_cv_sharedlib_from_linklib_cmd='printf %s\n'
lt_cv_shlibpath_overrides_runpath=no
lt_cv_sys_global_symbol_pipe='sed -n -e '\''s/^.*[	 ]\([ABCDGIRSTW][ABCDGIRSTW]*\)[	 ][	 ]*\([_A-Za-z][_A-Za-z0-9]*\)$/\1 \2 \2/p'\'' | sed '\''/ __gnu_lto/d'\'''
lt_cv_sys_global_symbol_to_c_name_address='sed -n -e '\''s/^: \([^ ]*\)[ ]*$/  {\"\1\", (void *) 0},/p'\'' -e '\''s/^[ABCDGIRSTW]* \([^ ]*\) \([^ ]*\)$/  {"\2", (void *) \&\2},/p'\'''
lt_cv_sys_global_symbol_to_c_name_address_lib_prefix='sed -n -e '\''s/^: \([^ ]*\)[ ]*$/  {\"\1\", (void *) 0},/p'\'' -e '\''s/^[ABCDGIRSTW]* \([^ ]*\) \(lib[^ ]*\)$/  {"\2", (void *) \&\2},/p'\'' -e '\''s/^[ABCDGIRSTW]* \([^ ]*\) \([^ ]*\)$/  {"lib\2", (void *) \&\2},/p'\'''
lt_cv_sys_global_symbol_to_cdecl='sed -n -e '\''s/^T .* \(.*\)$/extern int \1();/p'\'' -e '\''s/^[ABCDGIRSTW]* .* \(.*\)$/extern char \1;/p'\'''
lt_cv_sys_max_cmd_len=1572864
lt_cv_to_host_file_cmd=func_convert_file_noop
lt_cv_to_tool_file_cmd=func_convert_file_noop
pkg_cv_XML_CFLAGS='-I/usr/include/libxml2  '
pkg_cv_XML_LIBS='-lxml2  '

## ----------------- ##
## Output variables. ##
## ----------------- ##

ACLOCAL='${SHELL} /home/patrick/Develop/gray/config/missing --run aclocal-1.11'
AMDEPBACKSLASH='\'
AMDEP_FALSE='#'
AMDEP_TRUE=''
AMTAR='$${TAR-tar}'
AR='ar'
AUTOCONF='${SHELL} /home/patrick/Develop/gray/config/missing --run autoconf'
AUTOHEADER='${SHELL} /home/patrick/Develop/gray/config/missing --run autoheader'
AUTOMAKE='${SHELL} /home/patrick/Develop/gray/config/missing --run automake-1.11'
AWK='gawk'
CC='gcc'
CCDEPMODE='depmode=gcc3'
CFLAGS='-g -O2'
CPP='gcc -E'
CPPFLAGS=''
CYGPATH_W='echo'
DEFS='-DHAVE_CONFIG_H'
DEPDIR='.deps'
DLLTOOL='false'
DSYMUTIL=''
DUMPBIN=''
ECHO_C=''
ECHO_N='-n'
ECHO_T=''
EGREP='/bin/grep -E'
EXEEXT=''
FGREP='/bin/grep -F'
GREP='/bin/grep'
INSTALL_DATA='${INSTALL} -m 644'
INSTALL_PROGRAM='${INSTALL}'
INSTALL_SCRIPT='${INSTALL}'
INSTALL_STRIP_PROGRAM='$(install_sh) -c -s'
LD='/usr/bin/ld -m elf_x86_64'
LDFLAGS=''
LIBOBJS=''
LIBS=''
LIBTOOL='$(SHELL) $(top_builddir)/libtool'
LIPO=''
LN_S='ln -s'
LTLIBOBJS=''
MAKEINFO='${SHELL} /home/patrick/Develop/gray/config/missing --run makeinfo'
MANIFEST_TOOL=':'
MKDIR_P='/bin/mkdir -p'
NM='/usr/bin/nm -B'
NMEDIT=''
OBJDUMP='objdump'
OBJEXT='o'
OTOOL64=''
OTOOL=''
PACKAGE='gray'
PACKAGE_BUGREPORT='pth@patrickhead.net'
PACKAGE_NAME='gray'
PACKAGE_STRING='gray 0.1.0'
PACKAGE_TARNAME='gray'
PACKAGE_URL=''
PACKAGE_VERSION='0.1.0'
PATH_SEPARATOR=':'
PKG_CONFIG='/usr/bin/pkg-config'
PKG_CONFIG_LIBDIR=''
PKG_CONFIG_PATH=''
RANLIB='ranlib'
SED='/bin/sed'
SET_MAKE=''
SHELL='/bin/bash'
STRIP='strip'
VERSION='0.1.0'
XML_CFLAGS='-I/usr/include/libxml2  '
XML_LIBS='-lxml2  '
ac_ct_AR='ar'
ac_ct_CC='gcc'
ac_ct_DUMPBIN=''
am__EXEEXT_FALSE=''
am__EXEEXT_TRUE='#'
am__fastdepCC_FALSE='#'
am__fastdepCC_TRUE=''
am__include='include'
am__isrc=''
am__leading_dot='.'
am__nodep='_no'
am__quote=''
am__tar='$${TAR-tar} chof - "$$tardir"'
am__untar='$${TAR-tar} xf -'
bindir='${exec_prefix}/bin'
build='x86_64-unknown-linux-gnu'
build_alias=''
build_cpu='x86_64'
build_os='linux-gnu'
build_vendor='unknown'
datadir='${datarootdir}'
datarootdir='${prefix}/share'
docdir='${datarootdir}/doc/${PACKAGE_TARNAME}'
dvidir='${docdir}'
exec_prefix='${prefix}'
host='x86_64-unknown-linux-gnu'
host_alias=''
host_cpu='x86_64'
host_os='linux-gnu'
host_vendor='unknown'
htmldir='${docdir}'
includedir='${prefix}/include'
infodir='${datarootdir}/info'
install_sh='${SHELL} /home/patrick/Develop/gray/config/install-sh'
libdir='${exec_prefix}/lib'
libexecdir='${exec_prefix}/libexec'
localedir='${datarootdir}/locale'
localstatedir='${prefix}/var'
mandir='${datarootdir}/man'
mkdir_p='/bin/mkdir -p'
oldincludedir='/usr/include'
pdfdir='${docdir}'
prefix='/usr/local'
program_transform_name='s,x,x,'
psdir='${docdir}'
sbindir='${exec_prefix}/sbin'
sharedstatedir='${prefix}/com'
sysconfdir='${prefix}/etc'
target_alias=''

## ----------- ##
## confdefs.h. ##
## ----------- ##

/* confdefs.h */
#define PACKAGE_NAME "gray"
#define PACKAGE_TARNAME "gray"
#define PACKAGE_VERSION "0.1.0"
#define PACKAGE_STRING "gray 0.1.0"
#define PACKAGE_BUGREPORT "pth@patrickhead.net"
#define PACKAGE_URL ""
#define PACKAGE "gray"
#define VERSION "0.1.0"
#define STDC_HEADERS 1
#define HAVE_SYS_TYPES_H 1
#define HAVE_SYS_STAT_H 1
#define HAVE_STDLIB_H 1
#define HAVE_STRING_H 1
#define HAVE_MEMORY_H 1
#define HAVE_STRINGS_H 1
#define HAVE_INTTYPES_H 1
#define HAVE_STDINT_H 1
#define HAVE_UNISTD_H 1
#define HAVE_DLFCN_H 1
#define LT_OBJDIR ".libs/"
#define HAVE_CTYPE_H 1
#define HAVE_ERRNO_H 1
#define HAVE_GETOPT_H 1
#define HAVE_LIBGEN_H 1
#define HAVE_STDIO_H 1
#define HAVE_STDLIB_H 1
#define HAVE_STRING_H 1
#define HAVE_SYS_STAT_H 1
#define HAVE_SYS_TYPES_H 1
#define HAVE_TIME_H 1
#define HAVE_UNISTD_H 1
#define HAVE__BOOL 1
#define HAVE_STDLIB_H 1
#define HAVE_MALLOC 1
#define HAVE_STDLIB_H 1
#define HAVE_REALLOC 1
#define HAVE_MEMSET 1
#define HAVE_MKDIR 1
#define HAVE_STRCHR 1
#define HAVE_STRDUP 1
#define HAVE_STRTOL 1

configure: exit 0
